[2016.03.01-19.12.27:585][  0]Log file open, 03/01/16 19:12:27
[2016.03.01-19.12.27:585][  0]LogInit:Display: Running engine for game: FluffyCouscous
[2016.03.01-19.12.27:585][  0]LogPlatformFile: Not using cached read wrapper
[2016.03.01-19.12.27:585][  0]LogInit:Display: RandInit(-184168685) SRandInit(-184168683).
[2016.03.01-19.12.27:585][  0]LogTaskGraph: Started task graph with 4 named threads and 6 total threads.
[2016.03.01-19.12.27:585][  0]LogStats: Stats thread started at 0.078290
[2016.03.01-19.12.27:585][  0]LogInit: Version: 4.10.4-2872498+++depot+UE4-Releases+4.10
[2016.03.01-19.12.27:585][  0]LogInit: API Version: 2758231
[2016.03.01-19.12.27:585][  0]LogInit: Compiled (64-bit): Feb 18 2016 15:47:04
[2016.03.01-19.12.27:585][  0]LogInit: Compiled with Visual C++: 19.00.23026.00
[2016.03.01-19.12.27:585][  0]LogInit: Build Configuration: Development
[2016.03.01-19.12.27:585][  0]LogInit: Branch Name: ++depot+UE4-Releases+4.10
[2016.03.01-19.12.27:585][  0]LogInit: Command line:  
[2016.03.01-19.12.27:585][  0]LogInit: Base directory: C:/Program Files (x86)/Epic Games/4.10/Engine/Binaries/Win64/
[2016.03.01-19.12.27:585][  0]LogInit: Rocket: 1
[2016.03.01-19.12.27:596][  0]LogInit: Using libcurl 7.41.0
[2016.03.01-19.12.27:596][  0]LogInit:  - built for x86_64-pc-win32
[2016.03.01-19.12.27:596][  0]LogInit:  - supports SSL with WinSSL
[2016.03.01-19.12.27:596][  0]LogInit:  - other features:
[2016.03.01-19.12.27:596][  0]LogInit:      CURL_VERSION_SSL
[2016.03.01-19.12.27:596][  0]LogInit:      CURL_VERSION_IPV6
[2016.03.01-19.12.27:596][  0]LogInit:      CURL_VERSION_ASYNCHDNS
[2016.03.01-19.12.27:596][  0]LogInit:      CURL_VERSION_LARGEFILE
[2016.03.01-19.12.27:596][  0]LogInit:      CURL_VERSION_IDN
[2016.03.01-19.12.27:596][  0]LogInit:  CurlRequestOptions (configurable via config and command line):
[2016.03.01-19.12.27:596][  0]LogInit:  - bVerifyPeer = true  - Libcurl will verify peer certificate
[2016.03.01-19.12.27:596][  0]LogInit:  - bUseHttpProxy = false  - Libcurl will NOT use HTTP proxy
[2016.03.01-19.12.27:596][  0]LogInit:  - bDontReuseConnections = false  - Libcurl will reuse connections
[2016.03.01-19.12.27:596][  0]LogInit:  - CertBundlePath = nullptr  - Libcurl will use whatever was configured at build time.
[2016.03.01-19.12.27:607][  0]LogInit: Presizing for 0 objects not considered by GC, pre-allocating 0 bytes.
[2016.03.01-19.12.27:617][  0]LogInit: Object subsystem initialized
[2016.03.01-19.12.27:618][  0]LogInit: Selected Device Profile: [Windows]
[2016.03.01-19.12.27:618][  0]LogInit: Applying CVar settings loaded from the selected device profile: [Windows]
[2016.03.01-19.12.27:646][  0]LogInit: Computer: DESKTOP-R6MIPG1
[2016.03.01-19.12.27:646][  0]LogInit: User: Motherflippin
[2016.03.01-19.12.27:646][  0]LogInit: CPU Page size=4096, Cores=3
[2016.03.01-19.12.27:646][  0]LogInit: High frequency timer resolution =3.433150 MHz
[2016.03.01-19.12.27:646][  0]LogMemory: Memory total: Physical=8.0GB (8GB approx)
[2016.03.01-19.12.27:646][  0]LogMemory: Platform Memory Stats for Windows
[2016.03.01-19.12.27:646][  0]LogMemory: Process Physical Memory: 55.70 MB used, 55.70 MB peak
[2016.03.01-19.12.27:646][  0]LogMemory: Process Virtual Memory: 57.55 MB used, 57.55 MB peak
[2016.03.01-19.12.27:646][  0]LogMemory: Physical Memory: 3281.11 MB used, 8173.55 MB total
[2016.03.01-19.12.27:646][  0]LogMemory: Virtual Memory: 383.41 MB used, 134217728.00 MB total
[2016.03.01-19.12.27:706][  0]LogTextLocalizationManager: No specific translations for ('en-GB') exist, so ('en') translations will be used.
[2016.03.01-19.12.28:373][  0]LogD3D11RHI: Found D3D11 adapter 0: NVIDIA GeForce GTX 950 (Feature Level 11_0)
[2016.03.01-19.12.28:373][  0]LogD3D11RHI: Adapter has 1970MB of dedicated video memory, 0MB of dedicated system memory, and 4086MB of shared system memory, 3 output[s]
[2016.03.01-19.12.28:376][  0]LogD3D11RHI: Found D3D11 adapter 1: Microsoft Basic Render Driver (Feature Level 11_0)
[2016.03.01-19.12.28:376][  0]LogD3D11RHI: Adapter has 0MB of dedicated video memory, 0MB of dedicated system memory, and 4086MB of shared system memory, 0 output[s]
[2016.03.01-19.12.28:376][  0]LogD3D11RHI: Chosen D3D11 Adapter Id = 0
[2016.03.01-19.12.28:384][  0]LogD3D11RHI: !Direct3DDevice
[2016.03.01-19.12.28:385][  0]LogRHI: Texture pool is 1361 MB (70% of 1945 MB)
[2016.03.01-19.12.28:406][  0]LogD3D11RHI: Async texture creation enabled
[2016.03.01-19.12.28:424][  0]LogShaderCompilers: Guid format shader working directory is -29 characters bigger than the processId version (../../../../../../Users/Motherflippin/Documents/Unreal Projects/FluffyCouscous/Intermediate/Shaders/WorkingDirectory/9104/).
[2016.03.01-19.12.28:424][  0]LogShaderCompilers: Cleaned the shader compiler working directory 'C:/Users/MOTHER~1/AppData/Local/Temp/UnrealShaderWorkingDir/C751499B49A0FD654B72908F32DAE1D6/'.
[2016.03.01-19.12.28:424][  0]LogShaderCompilers:Display: Using Local Shader Compiler.
[2016.03.01-19.12.30:763][  0]LogTemp:Display: Loaded TP AllDesktopTargetPlatform
[2016.03.01-19.12.30:771][  0]LogTemp:Display: Loaded TP WindowsClientTargetPlatform
[2016.03.01-19.12.30:779][  0]LogTemp:Display: Loaded TP WindowsNoEditorTargetPlatform
[2016.03.01-19.12.30:788][  0]LogTemp:Display: Loaded TP WindowsServerTargetPlatform
[2016.03.01-19.12.30:797][  0]LogTemp:Display: Loaded TP WindowsTargetPlatform
[2016.03.01-19.12.30:803][  0]LogTemp:Display: Loaded TP AndroidTargetPlatform
[2016.03.01-19.12.30:809][  0]LogTemp:Display: Loaded TP Android_ASTCTargetPlatform
[2016.03.01-19.12.30:814][  0]LogTemp:Display: Loaded TP Android_ATCTargetPlatform
[2016.03.01-19.12.30:819][  0]LogTemp:Display: Loaded TP Android_DXTTargetPlatform
[2016.03.01-19.12.30:824][  0]LogTemp:Display: Loaded TP Android_ETC1TargetPlatform
[2016.03.01-19.12.30:830][  0]LogTemp:Display: Loaded TP Android_ETC2TargetPlatform
[2016.03.01-19.12.30:841][  0]LogTemp:Display: Loaded TP Android_MultiTargetPlatform
[2016.03.01-19.12.30:841][  0]LogTemp:Display: Loaded TP Android_PVRTCTargetPlatform
[2016.03.01-19.12.30:842][  0]LogTemp:Display: Loaded TP HTML5TargetPlatform
[2016.03.01-19.12.30:870][  0]LogTemp:Display: Loaded TP IOSTargetPlatform
[2016.03.01-19.12.30:875][  0]LogTemp:Display: Loaded TP LinuxNoEditorTargetPlatform
[2016.03.01-19.12.30:880][  0]LogTemp:Display: Loaded TP LinuxServerTargetPlatform
[2016.03.01-19.12.30:889][  0]LogTemp:Display: Loaded TP LinuxTargetPlatform
[2016.03.01-19.12.30:889][  0]LogTargetPlatformManager:Display: Building Assets For Windows
[2016.03.01-19.12.31:070][  0]LogDerivedDataCache:Display: Max Cache Size: 512 MB
[2016.03.01-19.12.31:181][  0]LogDerivedDataCache: Loaded boot cache 0.11s 41MB C:/Users/Motherflippin/AppData/Local/UnrealEngine/4.10/DerivedDataCache/Boot.ddc.
[2016.03.01-19.12.31:181][  0]LogDerivedDataCache:Display: Loaded Boot cache: C:/Users/Motherflippin/AppData/Local/UnrealEngine/4.10/DerivedDataCache/Boot.ddc
[2016.03.01-19.12.31:181][  0]LogDerivedDataCache: FDerivedDataBackendGraph:  Pak pak cache file ../../../../../../Users/Motherflippin/Documents/Unreal Projects/FluffyCouscous/DerivedDataCache/DDC.ddp not found, will not use a pak cache.
[2016.03.01-19.12.31:181][  0]LogDerivedDataCache: Unable to find inner node Pak for hierarchical cache Hierarchy.
[2016.03.01-19.12.31:181][  0]LogDerivedDataCache: FDerivedDataBackendGraph:  CompressedPak pak cache file ../../../../../../Users/Motherflippin/Documents/Unreal Projects/FluffyCouscous/DerivedDataCache/Compressed.ddp not found, will not use a pak cache.
[2016.03.01-19.12.31:181][  0]LogDerivedDataCache: Unable to find inner node CompressedPak for hierarchical cache Hierarchy.
[2016.03.01-19.12.31:289][  0]LogDerivedDataCache:Display: Pak cache opened for reading ../../../Engine/DerivedDataCache/Compressed.ddp.
[2016.03.01-19.12.31:301][  0]LogDerivedDataCache: Using Local data cache path C:/Users/Motherflippin/AppData/Local/UnrealEngine/Common/DerivedDataCache: Writable
[2016.03.01-19.12.33:174][  0]LogInit: Selected Device Profile: [Windows]
[2016.03.01-19.12.33:178][  0]LogContentStreaming: Texture pool size is 0.000000MB
[2016.03.01-19.12.33:359][  0]LogMeshUtilities: No automatic mesh reduction module available
[2016.03.01-19.12.33:359][  0]LogMeshUtilities: No automatic mesh merging module available
[2016.03.01-19.12.33:796][  0]LogInit: WinSock: version 1.1 (2.2), MaxSocks=32767, MaxUdp=65467
[2016.03.01-19.12.36:652][  0]UdpMessaging: Initializing bridge on interface 0.0.0.0:0 to multicast group 230.0.0.1:6666.
[2016.03.01-19.12.36:812][  0]LogAssetRegistry: FAssetRegistry took 0.0112 seconds to start up
[2016.03.01-19.12.37:082][  0]SourceControl: Info Source control is disabled
[2016.03.01-19.12.37:257][  0]SourceControl: Info Source control is disabled
[2016.03.01-19.12.37:283][  0]SourceControl: Info Source control is disabled
[2016.03.01-19.12.37:310][  0]SourceControl: Info Source control is disabled
[2016.03.01-19.12.37:823][  0]LogObj: 28633 objects as part of root set at end of initial load.
[2016.03.01-19.12.37:823][  0]LogUObjectAllocator: 6099744 out of 0 bytes used by permanent object pool.
[2016.03.01-19.12.37:923][  0]LogEngine: Initializing Engine...
[2016.03.01-19.12.37:931][  0]LogHMD: Can't find Oculus library dev build: is proper Runtime installed? Version: 0.8.0.0
[2016.03.01-19.12.37:951][  0]LogHMD: SteamVR failed to initialize.  Err: 110
[2016.03.01-19.12.38:131][  0]LogAIModule: Creating AISystem for world NewWorld
[2016.03.01-19.12.38:140][  0]LogInit: XAudio2 using 'Headphone (VIA HD Audio)' : 2 channels at 48 kHz using 32 bits per sample (channel mask 0x3)
[2016.03.01-19.12.38:150][  0]LogInit: FAudioDevice initialized.
[2016.03.01-19.12.38:201][  0]LogDerivedDataCache: Saved boot cache 0.05s 41MB C:/Users/Motherflippin/AppData/Local/UnrealEngine/4.10/DerivedDataCache/Boot.ddc.
[2016.03.01-19.12.38:221][  0]LogInit: Texture streaming: Enabled
[2016.03.01-19.12.38:231][  0]LogAnalytics: Creating configured Analytics provider AnalyticsET
[2016.03.01-19.12.38:231][  0]LogAnalytics: [UEEditor.Rocket.Release] APIServer = http://et2.epicgames.com/ET2/. AppVersion = 4.10.4-2872498+++depot+UE4-Releases+4.10
[2016.03.01-19.12.38:232][  0]LogAnalytics: [UEEditor.Rocket.Release] SetUserId 646f5b0b41fc1c54768b769a04227720|60695a87cdf344dda4ff1c2033225055|888f9b2a-b622-4592-a375-65e1d1616c68
[2016.03.01-19.12.38:232][  0]LogAnalytics: [UEEditor.Rocket.Release] AnalyticsET::StartSession
[2016.03.01-19.12.38:246][  0]LogInit: Transaction tracking system initialized
[2016.03.01-19.12.38:294][  0]BlueprintLog: New page: Editor Load
[2016.03.01-19.12.38:627][  0]LocalizationService: Info Localization service is disabled
[2016.03.01-19.12.38:751][  0]LogConsoleResponse:Display: 
[2016.03.01-19.12.38:910][  0]LogCook:Display: Done creating registry. It took  0.00s.
[2016.03.01-19.12.39:037][  0]LogFileCache: Scanning file cache for directory 'C:/Users/Motherflippin/Documents/Unreal Projects/FluffyCouscous/Content/' took 0.02s
[2016.03.01-19.12.39:037][  0]SourceControl: Info Source control is disabled
[2016.03.01-19.12.39:037][  0]Cmd: MAP LOAD FILE="../../../../../../Users/Motherflippin/Documents/Unreal Projects/FluffyCouscous/Content/FirstPersonBP/Maps/FirstPersonExampleMap.umap" TEMPLATE=0 SHOWPROGRESS=1 FEATURELEVEL=3
[2016.03.01-19.12.39:038][  0]LightingResults: New page: Lighting Build
[2016.03.01-19.12.39:043][  0]MapCheck: New page: Map Check
[2016.03.01-19.12.39:043][  0]LightingResults: New page: Lighting Build
[2016.03.01-19.12.39:063][  0]LogParticles: Destroying 0 GPU particle simulations for FXSystem 0x00000130E4497B00
[2016.03.01-19.12.39:266][  0]LogLinker:Warning: Asset '../../../../../../Users/Motherflippin/Documents/Unreal Projects/FluffyCouscous/Content/FirstPerson/Meshes/FirstPersonProjectileMesh.uasset' has been saved with empty engine version. The asset will be loaded but may be incompatible.
[2016.03.01-19.12.39:808][  0]LogAIModule: Creating AISystem for world FirstPersonExampleMap
[2016.03.01-19.12.39:821][  0]LogEditorServer: Finished looking for orphan Actors (0.000 secs)
[2016.03.01-19.12.39:822][  0]Cmd: MAP CHECKDEP NOCLEARLOG
[2016.03.01-19.12.39:901][  0]MapCheck: Info Map check complete: 0 Error(s), 0 Warning(s), took 79.425ms to complete.
[2016.03.01-19.12.39:901][  0]LogFileHelpers: Loading map 'FirstPersonExampleMap' took 0.864
[2016.03.01-19.12.40:147][  0]LogCollectionManager: Loaded 0 collections in 0.004386 seconds
[2016.03.01-19.12.40:235][  0]LogFileCache: Scanning file cache for directory 'C:/Users/Motherflippin/Documents/Unreal Projects/FluffyCouscous/Saved/Collections/' took 0.01s
[2016.03.01-19.12.40:235][  0]LogFileCache: Scanning file cache for directory 'C:/Users/Motherflippin/Documents/Unreal Projects/FluffyCouscous/Content/Developers/Motherflippin/Collections/' took 0.01s
[2016.03.01-19.12.40:235][  0]LogFileCache: Scanning file cache for directory 'C:/Users/Motherflippin/Documents/Unreal Projects/FluffyCouscous/Content/Collections/' took 0.01s
[2016.03.01-19.12.40:235][  0]LogCollectionManager: Rebuilt the GUID cache for 0 collections in 0.000002 seconds
[2016.03.01-19.12.40:251][  0]LogContentBrowser: Native class hierarchy populated in 0.0154 seconds. Added 1893 classes and 338 folders.
[2016.03.01-19.12.40:262][  0]LogContentBrowser: Native class hierarchy updated for 'WidgetCarousel' in 0.0005 seconds. Added 0 classes and 0 folders.
[2016.03.01-19.12.40:339][  0]LogContentBrowser: Native class hierarchy updated for 'AddContentDialog' in 0.0005 seconds. Added 0 classes and 0 folders.
[2016.03.01-19.12.40:347][  0]LogContentBrowser: Native class hierarchy updated for 'SceneOutliner' in 0.0006 seconds. Added 1 classes and 2 folders.
[2016.03.01-19.12.40:376][  0]LogCrashTracker: Crashtracker disabled due to settings.
[2016.03.01-19.12.40:382][  0]LogUObjectGlobals:Warning: Failed to find object 'Class None.'
[2016.03.01-19.12.40:406][  0]LogLoad: Full Startup: 13.59 seconds (BP compile: 0.18 seconds)
[2016.03.01-19.12.40:420][  0]LogOcInput: Can't find Oculus library dev build: is proper Runtime installed? Version: 0.8.0.0
[2016.03.01-19.12.40:462][  0]LogContentStreaming: Texture pool size now 1000 MB
[2016.03.01-19.12.40:651][  0]LogRenderer: Reallocating scene render targets to support 2428x1276 (Frame:2).
[2016.03.01-19.12.40:973][  3]LogRenderTargetPool:Warning: r.RenderTargetPoolMin exceeded 512/400 MB (ok in editor, bad on fixed memory platform)
[2016.03.01-19.12.41:146][  6]LogAssetRegistry: Asset discovery search completed in 4.3456 seconds
[2016.03.01-19.12.41:146][  6]LogCollectionManager: Rebuilt the object cache for 0 collections in 0.000001 seconds (found 0 objects)
[2016.03.01-19.12.41:146][  6]LogCollectionManager: Fixed up redirectors for 0 collections in 0.000042 seconds (updated 0 objects)
[2016.03.01-19.12.42:999][ 73]LogBlueprintUserMessages: Early PlayInEditor Detection: Level '/Game/FirstPersonBP/Maps/FirstPersonExampleMap.FirstPersonExampleMap:PersistentLevel' has LevelScriptBlueprint '/Game/FirstPersonBP/Maps/FirstPersonExampleMap.FirstPersonExampleMap:PersistentLevel.FirstPersonExampleMap' with GeneratedClass '/Game/FirstPersonBP/Maps/FirstPersonExampleMap.FirstPersonExampleMap_C' with ClassGeneratedBy '/Game/FirstPersonBP/Maps/FirstPersonExampleMap.FirstPersonExampleMap:PersistentLevel.FirstPersonExampleMap'
[2016.03.01-19.12.42:999][ 73]LogPlayLevel: PlayLevel: No blueprints needed recompiling
[2016.03.01-19.12.43:000][ 73]PIE: New page: PIE session: FirstPersonExampleMap (1 Mar 2016 19:12:42)
[2016.03.01-19.12.43:000][ 73]LogPlayLevel: Creating play world package: /Game/FirstPersonBP/Maps/UEDPIE_0_FirstPersonExampleMap
[2016.03.01-19.12.43:054][ 73]LogPlayLevel: PIE: StaticDuplicateObject took: (0.054441s)
[2016.03.01-19.12.43:056][ 73]LogAIModule: Creating AISystem for world FirstPersonExampleMap
[2016.03.01-19.12.43:056][ 73]LogPlayLevel: PIE: World Init took: (0.001954s)
[2016.03.01-19.12.43:056][ 73]LogPlayLevel: PIE: Created PIE world by copying editor world from /Game/FirstPersonBP/Maps/FirstPersonExampleMap.FirstPersonExampleMap to /Game/FirstPersonBP/Maps/UEDPIE_0_FirstPersonExampleMap.FirstPersonExampleMap (0.056814s)
[2016.03.01-19.12